<?xml version="1.0" encoding="UTF-8"?>
<!-- generator="WordPress/6.1.1" created="2023-01-26 21:50" -->
<rss version="2.0" xmlns:excerpt="http://wordpress.org/export/1.2/excerpt/" xmlns:content="http://purl.org/rss/1.0/modules/content/" xmlns:wfw="http://wellformedweb.org/CommentAPI/" xmlns:dc="http://purl.org/dc/elements/1.1/" xmlns:wp="http://wordpress.org/export/1.2/">

    <channel>
        <title>Test</title>
        <link>http://localhost/wordpress</link>
        <description>Un site utilisant WordPress</description>
        <pubDate>Thu, 26 Jan 2023 21:50:40 +0000</pubDate>
        <language>fr-FR</language>
        <wp:wxr_version>1.2</wp:wxr_version>
        <wp:base_site_url>http://localhost/wordpress</wp:base_site_url>
        <wp:base_blog_url>http://localhost/wordpress</wp:base_blog_url>

        <wp:term>
            <wp:term_id>20</wp:term_id>
            <wp:term_taxonomy>nav_menu</wp:term_taxonomy>
            <wp:term_slug>menu-12</wp:term_slug>
            <wp:term_name>Menu 12</wp:term_name>
        </wp:term>

        <generator>https://wordpress.org/?v=6.1.1</generator>

        <item>
            <title>Test content 34</title>
            <pubDate>2023-09-22 09:13:45</pubDate>
            <dc:creator>admin</dc:creator>
            <description>Test description 34</description>
            <content:encoded>
                <![CDATA[<!-- wp:paragraph -->
                <p>Test content 1.1</p>
                <!-- /wp:paragraph -->
                <!-- wp:paragraph -->
                <p>Test content 2.1</p>
                <!-- /wp:paragraph -->]]>
            </content:encoded>
            <excerpt:encoded>Juste un excerpt test 33</excerpt:encoded>
            <wp:post_id>12345</wp:post_id>
            <wp:post_name>test-content-34</wp:post_name>
            <wp:status>publish</wp:status>
            <wp:post_type>page</wp:post_type>
        </item>
        <item>
            <title>Renvoi sur test content 34</title>
            <pubDate>2023-09-22 09:13:45</pubDate>
            <dc:creator>admin</dc:creator>
            <wp:post_id>98765</wp:post_id>
            <wp:status>publish</wp:status>
            <wp:post_type>nav_menu_item</wp:post_type>
            <category domain="nav_menu" nicename="menu-12">Menu 12</category>
            <wp:postmeta>
                <wp:meta_key>_menu_item_type</wp:meta_key>
                <wp:meta_value>post_type</wp:meta_value>
            </wp:postmeta>
            <wp:postmeta>
                <wp:meta_key>_menu_item_object_id</wp:meta_key>
                <wp:meta_value>12345</wp:meta_value>
            </wp:postmeta>
            <wp:postmeta>
                <wp:meta_key>_menu_item_object</wp:meta_key>
                <wp:meta_value>page</wp:meta_value>
            </wp:postmeta>
        </item>
        <item>
            <title>Google</title>
            <pubDate>2023-09-22 09:13:45</pubDate>
            <dc:creator>admin</dc:creator>
            <wp:post_id>98764</wp:post_id>
            <wp:status>publish</wp:status>
            <wp:post_type>nav_menu_item</wp:post_type>
            <category domain="nav_menu" nicename="menu-12">Menu 12</category>
            <wp:postmeta>
                <wp:meta_key>_menu_item_type</wp:meta_key>
                <wp:meta_value>custom</wp:meta_value>
            </wp:postmeta>
            <wp:postmeta>
                <wp:meta_key>_menu_item_object</wp:meta_key>
                <wp:meta_value>custom</wp:meta_value>
            </wp:postmeta>
            <wp:postmeta>
                <wp:meta_key>_menu_item_url</wp:meta_key>
                <wp:meta_value>https://www.google.fr</wp:meta_value>
            </wp:postmeta>        
        </item>
    </channel>
</rss>
	