<?xml version="1.0" encoding="UTF-8" ?>
<!-- This is a WordPress eXtended RSS file generated by WordPress as an export of your site. -->
<!-- It contains information about your site's posts, pages, comments, categories, and other content. -->
<!-- You may use this file to transfer that content from one site to another. -->
<!-- This file is not intended to serve as a complete backup of your site. -->

<!-- To import this information into a WordPress site follow these steps: -->
<!-- 1. Log in to that site as an administrator. -->
<!-- 2. Go to Tools: Import in the WordPress admin panel. -->
<!-- 3. Install the "WordPress" importer from the list. -->
<!-- 4. Activate & Run Importer. -->
<!-- 5. Upload this file using the form provided on that page. -->
<!-- 6. You will first be asked to map the authors in this export file to users -->
<!--    on the site. For each author, you may choose to map to an -->
<!--    existing user on the site or to create a new user. -->
<!-- 7. WordPress will then import each of the posts, pages, comments, categories, etc. -->
<!--    contained in this file into your site. -->

	<!-- generator="WordPress/6.1.1" created="2023-01-27 15:05" -->
<rss version="2.0"
	xmlns:excerpt="http://wordpress.org/export/1.2/excerpt/"
	xmlns:content="http://purl.org/rss/1.0/modules/content/"
	xmlns:wfw="http://wellformedweb.org/CommentAPI/"
	xmlns:dc="http://purl.org/dc/elements/1.1/"
	xmlns:wp="http://wordpress.org/export/1.2/"
>

<channel>
	<title>Test</title>
	<link>http://localhost/wordpress</link>
	<description>Un site utilisant WordPress</description>
	<pubDate>Fri, 27 Jan 2023 15:05:57 +0000</pubDate>
	<language>fr-FR</language>
	<wp:wxr_version>1.2</wp:wxr_version>
	<wp:base_site_url>http://localhost/wordpress</wp:base_site_url>
	<wp:base_blog_url>http://localhost/wordpress</wp:base_blog_url>

		<wp:author><wp:author_id>1</wp:author_id><wp:author_login><![CDATA[admin]]></wp:author_login><wp:author_email><![CDATA[jc@kermagoret.net]]></wp:author_email><wp:author_display_name><![CDATA[admin]]></wp:author_display_name><wp:author_first_name><![CDATA[]]></wp:author_first_name><wp:author_last_name><![CDATA[]]></wp:author_last_name></wp:author>

				
	<generator>https://wordpress.org/?v=6.1.1</generator>

		<item>
		<title><![CDATA[Test content 34]]></title>
		<link>http://localhost/wordpress/test-content-34/</link>
		<pubDate>Fri, 27 Jan 2023 15:02:58 +0000</pubDate>
		<dc:creator><![CDATA[admin]]></dc:creator>
		<guid isPermaLink="false">http://localhost/wordpress/test-content-34/</guid>
		<description></description>
		<content:encoded><![CDATA[<!-- wp:paragraph {"dynamicAttributes":{"toolsetDSVersion":"230000"}} -->
<p>Test content 1.1</p>
<!-- /wp:paragraph -->

<!-- wp:paragraph {"dynamicAttributes":{"toolsetDSVersion":"230000"}} -->
<p>Test <a href="http://localhost/wordpress/test-stripe-checkout/" data-type="page" data-id="20329">content</a> 2.1</p>
<!-- /wp:paragraph -->

<!-- wp:group {"align":"wide","layout":{"type":"constrained"}} -->
<div class="wp-block-group alignwide" id="lpdf"><!-- wp:heading {"dynamicAttributes":{"toolsetDSVersion":"230000"}} -->
<h2>LPDF</h2>
<!-- /wp:heading -->

<!-- wp:media-text {"mediaId":20430,"mediaLink":"http://localhost/wordpress/test-content-34/logo-lpdf-3/","mediaType":"image","dynamicAttributes":{"toolsetDSVersion":"230000"}} -->
<div class="wp-block-media-text alignwide is-stacked-on-mobile"><figure class="wp-block-media-text__media"><img src="http://localhost/wordpress/wp-content/uploads/2023/01/logo-lpdf-3.png" alt="" class="wp-image-20430 size-full"/></figure><div class="wp-block-media-text__content"><!-- wp:paragraph {"placeholder":"Contenuâ€¦","dynamicAttributes":{"toolsetDSVersion":"230000"}} -->
<p>Du texte</p>
<!-- /wp:paragraph --></div></div>
<!-- /wp:media-text --></div>
<!-- /wp:group -->]]></content:encoded>
		<excerpt:encoded><![CDATA[Juste un excerpt test 33]]></excerpt:encoded>
		<wp:post_id>12345</wp:post_id>
		<wp:post_date><![CDATA[2023-01-27 16:02:58]]></wp:post_date>
		<wp:post_date_gmt><![CDATA[2023-01-27 15:02:58]]></wp:post_date_gmt>
		<wp:post_modified><![CDATA[2023-01-27 16:05:40]]></wp:post_modified>
		<wp:post_modified_gmt><![CDATA[2023-01-27 15:05:40]]></wp:post_modified_gmt>
		<wp:comment_status><![CDATA[closed]]></wp:comment_status>
		<wp:ping_status><![CDATA[closed]]></wp:ping_status>
		<wp:post_name><![CDATA[test-content-34]]></wp:post_name>
		<wp:status><![CDATA[publish]]></wp:status>
		<wp:post_parent>0</wp:post_parent>
		<wp:menu_order>0</wp:menu_order>
		<wp:post_type><![CDATA[page]]></wp:post_type>
		<wp:post_password><![CDATA[]]></wp:post_password>
		<wp:is_sticky>0</wp:is_sticky>
														<wp:postmeta>
		<wp:meta_key><![CDATA[_wpv_contains_gutenberg_views]]></wp:meta_key>
		<wp:meta_value><![CDATA[]]></wp:meta_value>
		</wp:postmeta>
							<wp:postmeta>
		<wp:meta_key><![CDATA[_edit_last]]></wp:meta_key>
		<wp:meta_value><![CDATA[1]]></wp:meta_value>
		</wp:postmeta>
							</item>
				</channel>
</rss>
	